0 info it worked if it ends with ok
1 verbose cli [ '/usr/bin/node', '/usr/bin/npm', 'install', 'nodejs-dev' ]
2 info using npm@1.3.21
3 info using node@v0.10.24
4 verbose node symlink /usr/bin/node
5 verbose readDependencies using package.json deps
6 verbose cache add [ 'nodejs-dev', null ]
7 verbose cache add name=undefined spec="nodejs-dev" args=["nodejs-dev",null]
8 verbose parsed url { protocol: null,
8 verbose parsed url   slashes: null,
8 verbose parsed url   auth: null,
8 verbose parsed url   host: null,
8 verbose parsed url   port: null,
8 verbose parsed url   hostname: null,
8 verbose parsed url   hash: null,
8 verbose parsed url   search: null,
8 verbose parsed url   query: null,
8 verbose parsed url   pathname: 'nodejs-dev',
8 verbose parsed url   path: 'nodejs-dev',
8 verbose parsed url   href: 'nodejs-dev' }
9 silly lockFile 9c763169-nodejs-dev nodejs-dev
10 verbose lock nodejs-dev /home/ubuntu/.npm/9c763169-nodejs-dev.lock
11 silly lockFile 9c763169-nodejs-dev nodejs-dev
12 silly lockFile 9c763169-nodejs-dev nodejs-dev
13 verbose addNamed [ 'nodejs-dev', '' ]
14 verbose addNamed [ null, '*' ]
15 silly lockFile bfabd946-nodejs-dev nodejs-dev@
16 verbose lock nodejs-dev@ /home/ubuntu/.npm/bfabd946-nodejs-dev.lock
17 silly addNameRange { name: 'nodejs-dev', range: '*', hasData: false }
18 verbose url raw nodejs-dev
19 verbose url resolving [ 'https://registry.npmjs.org/', './nodejs-dev' ]
20 verbose url resolved https://registry.npmjs.org/nodejs-dev
21 info trying registry request attempt 1 at 23:44:55
22 http GET https://registry.npmjs.org/nodejs-dev
23 http 404 https://registry.npmjs.org/nodejs-dev
24 silly registry.get cb [ 404,
24 silly registry.get   { server: 'CouchDB/1.5.0 (Erlang OTP/R15B03)',
24 silly registry.get     date: 'Sun, 22 Dec 2013 23:38:24 GMT',
24 silly registry.get     'content-type': 'application/json',
24 silly registry.get     'content-length': '52',
24 silly registry.get     'cache-control': 'must-revalidate' } ]
25 silly lockFile bfabd946-nodejs-dev nodejs-dev@
26 silly lockFile bfabd946-nodejs-dev nodejs-dev@
27 error 404 'nodejs-dev' is not in the npm registry.
27 error 404 You should bug the author to publish it
27 error 404
27 error 404 Note that you can also install from a
27 error 404 tarball, folder, or http url, or git url.
28 error System Linux 3.2.0-40-virtual
29 error command "/usr/bin/node" "/usr/bin/npm" "install" "nodejs-dev"
30 error cwd /home/ubuntu/docchat
31 error node -v v0.10.24
32 error npm -v 1.3.21
33 error code E404
34 verbose exit [ 1, true ]
